Build started 21-6-2013 21:26:43.
     1>Project "D:\Gebruikers\Openbaar\Bureaublad\Development\Non-emulation\Repositories\Platformer-SFML\Platformer-SFML\Platformer-SFML\Platformer-SFML.vcxproj" on node 2 (Build target(s)).
     1>InitializeBuildStatus:
         Touching "x64\Debug\Platformer-SFML.unsuccessfulbuild".
       ClCompile:
         D:\Program Files (x86)\Microsoft Visual Studio 11.0\VC\bin\x86_amd64\CL.exe /c /I"C:\SFML-2.0\include" /Zi /nologo /W3 /WX- /Od /D WIN32 /D _DEBUG /D _WINDOWS /D _UNICODE /D UNICODE /Gm /EHsc /RTC1 /MDd /GS /fp:precise /Zc:wchar_t /Zc:forScope /Fo"x64\Debug\\" /Fd"x64\Debug\vc110.pdb" /Gd /TP /errorReport:prompt game.cpp
         game.cpp
     1>game.cpp(122): error C2660: 'Game::LoadMap' : function does not take 1 arguments
     1>Done Building Project "D:\Gebruikers\Openbaar\Bureaublad\Development\Non-emulation\Repositories\Platformer-SFML\Platformer-SFML\Platformer-SFML\Platformer-SFML.vcxproj" (Build target(s)) -- FAILED.

Build FAILED.

Time Elapsed 00:00:01.31
